<?xml version="1.0" encoding="UTF-8"?>
<!-- Generated by org.testng.reporters.JUnitReportReporter -->
<testsuite hostname="DESKTOP-0VQF23E" failures="0" tests="2" name="week4.day3.LearnAnnotation" time="0.018" errors="0" timestamp="2024-09-04T10:43:32 IST" skipped="0">
  <testcase classname="week4.day3.LearnAnnotation" name="editLead" time="0.007"/>
  <system-out/>
  <testcase classname="week4.day3.LearnAnnotation" name="createLead" time="0.011"/>
  <system-out/>
</testsuite> <!-- week4.day3.LearnAnnotation -->
