<?xml version="1.0" encoding="UTF-8"?>
<!-- Generated by org.testng.reporters.JUnitReportReporter -->
<testsuite hostname="DESKTOP-0VQF23E" failures="0" tests="1" name="week4.day2.DuplicateLead" time="72.144" errors="0" timestamp="2024-09-03T12:00:29 IST" skipped="0">
  <testcase classname="week4.day2.DuplicateLead" name="runDup" time="72.144"/>
  <system-out/>
</testsuite> <!-- week4.day2.DuplicateLead -->
