<?xml version="1.0" encoding="UTF-8"?>
<!-- Generated by org.testng.reporters.JUnitReportReporter -->
<testsuite hostname="DESKTOP-0VQF23E" failures="0" tests="4" name="runner.CreateLeadRunner" time="48.288" errors="0" timestamp="2024-09-11T10:47:00 IST" skipped="0">
  <testcase classname="runner.CreateLeadRunner" name="runScenario" time="6.863"/>
  <system-out/>
  <testcase classname="runner.CreateLeadRunner" name="runScenario" time="14.817"/>
  <system-out/>
  <testcase classname="runner.CreateLeadRunner" name="runScenario" time="19.431"/>
  <system-out/>
  <testcase classname="runner.CreateLeadRunner" name="runScenario" time="7.177"/>
  <system-out/>
</testsuite> <!-- runner.CreateLeadRunner -->
