<?xml version="1.0" encoding="UTF-8"?>
<!-- Generated by org.testng.reporters.JUnitReportReporter -->
<testsuite hostname="DESKTOP-0VQF23E" failures="0" tests="2" name="runner.CucumberRunnerWithTestNGAnnotation" time="17.794" errors="0" timestamp="2024-09-11T10:56:55 IST" skipped="0">
  <testcase classname="runner.CucumberRunnerWithTestNGAnnotation" name="runScenario" time="9.719"/>
  <system-out/>
  <testcase classname="runner.CucumberRunnerWithTestNGAnnotation" name="runScenario" time="8.075"/>
  <system-out/>
</testsuite> <!-- runner.CucumberRunnerWithTestNGAnnotation -->
