<?xml version="1.0" encoding="UTF-8"?>
<!-- Generated by org.testng.reporters.JUnitReportReporter -->
<testsuite hostname="DESKTOP-0VQF23E" failures="0" tests="1" name="runner.CucumberTags" time="12.031" errors="0" timestamp="2024-09-11T12:13:53 IST" skipped="0">
  <testcase classname="runner.CucumberTags" name="runScenario" time="12.031"/>
  <system-out/>
</testsuite> <!-- runner.CucumberTags -->
