<?xml version="1.0" encoding="UTF-8"?>
<!-- Generated by org.testng.reporters.JUnitReportReporter -->
<testsuite hostname="DESKTOP-0VQF23E" failures="0" tests="1" name="week5.day1.EditLead" time="28.375" errors="0" timestamp="2024-09-09T12:48:37 IST" skipped="0">
  <testcase classname="week5.day1.EditLead" name="runEdit" time="28.375"/>
  <system-out/>
</testsuite> <!-- week5.day1.EditLead -->
