<?xml version="1.0" encoding="UTF-8"?>
<!-- Generated by org.testng.reporters.JUnitReportReporter -->
<testsuite hostname="DESKTOP-0VQF23E" failures="0" tests="1" name="week4.day4.DataProviderAnnotation" time="0.014" errors="0" timestamp="2024-09-05T12:44:41 IST" skipped="0">
  <testcase classname="week4.day4.DataProviderAnnotation" name="f" time="0.014"/>
  <system-out/>
</testsuite> <!-- week4.day4.DataProviderAnnotation -->
