<?xml version="1.0" encoding="UTF-8"?>
<!-- Generated by org.testng.reporters.JUnitReportReporter -->
<testsuite hostname="DESKTOP-0VQF23E" failures="0" tests="1" name="week4.day3.EditLead2" time="23.248" errors="0" timestamp="2024-09-04T12:40:58 IST" skipped="0">
  <testcase classname="week4.day3.EditLead2" name="runEdit" time="23.248"/>
  <system-out/>
</testsuite> <!-- week4.day3.EditLead2 -->
