<?xml version="1.0" encoding="UTF-8"?>
<!-- Generated by org.testng.reporters.JUnitReportReporter -->
<testsuite hostname="DESKTOP-0VQF23E" failures="0" tests="1" name="week4.day3.CreateLead" time="17.955" errors="0" timestamp="2024-09-04T12:44:38 IST" skipped="0">
  <testcase classname="week4.day3.CreateLead" name="runCreate" time="17.955"/>
  <system-out/>
</testsuite> <!-- week4.day3.CreateLead -->
