<?xml version="1.0" encoding="UTF-8"?>
<!-- Generated by org.testng.reporters.JUnitReportReporter -->
<testsuite hostname="DESKTOP-0VQF23E" failures="0" tests="1" name="week4.day2.CreateLead" time="44.851" errors="0" timestamp="2024-09-03T12:15:39 IST" skipped="0">
  <testcase classname="week4.day2.CreateLead" name="runCreate" time="44.851"/>
  <system-out/>
</testsuite> <!-- week4.day2.CreateLead -->
