<?xml version="1.0" encoding="UTF-8"?>
<!-- Generated by org.testng.reporters.JUnitReportReporter -->
<testsuite hostname="DESKTOP-0VQF23E" failures="0" tests="4" name="week4.day3.LearnPriorityAndEnabled" time="0.030" errors="0" timestamp="2024-09-04T12:14:14 IST" skipped="2">
  <testcase classname="week4.day3.LearnPriorityAndEnabled" name="editLead" time="0.023"/>
  <system-out/>
  <testcase classname="week4.day3.LearnPriorityAndEnabled" name="createLead" time="0.007"/>
  <system-out/>
  <testcase classname="week4.day3.LearnPriorityAndEnabled" name="deleteLead">
    <skipped/>
  </testcase> <!-- deleteLead -->
  <system-out/>
  <testcase classname="week4.day3.LearnPriorityAndEnabled" name="duplicateLead">
    <skipped/>
  </testcase> <!-- duplicateLead -->
  <system-out/>
</testsuite> <!-- week4.day3.LearnPriorityAndEnabled -->
