<?xml version="1.0" encoding="UTF-8"?>
<!-- Generated by org.testng.reporters.JUnitReportReporter -->
<testsuite hostname="DESKTOP-0VQF23E" failures="0" tests="2" name="runner.CucumberRunner" time="22.195" errors="0" timestamp="2024-09-11T10:32:07 IST" skipped="0">
  <testcase classname="runner.CucumberRunner" name="runScenario" time="14.026"/>
  <system-out/>
  <testcase classname="runner.CucumberRunner" name="runScenario" time="8.169"/>
  <system-out/>
</testsuite> <!-- runner.CucumberRunner -->
