<?xml version="1.0" encoding="UTF-8"?>
<!-- Generated by org.testng.reporters.JUnitReportReporter -->
<testsuite hostname="DESKTOP-0VQF23E" failures="0" tests="2" name="week4.day4.CreateLead" time="42.990" errors="0" timestamp="2024-09-05T12:36:31 IST" skipped="0">
  <testcase classname="week4.day4.CreateLead" name="runCreate" time="22.612"/>
  <system-out/>
  <testcase classname="week4.day4.CreateLead" name="runCreate" time="20.378"/>
  <system-out/>
</testsuite> <!-- week4.day4.CreateLead -->
